2021-01-28 18:56:16 [@ip-172-31-1-22]
Internal #1: Launch createinquest
2021-01-28 18:56:17 [@ip-172-31-1-22]
Internal #1: Launch watcher
2021-01-28 18:56:28 [@ip-172-31-1-22]
Internal #1: Launch ticketrecurrent
2021-01-28 18:56:35 [@ip-172-31-1-22]
Internal #1: Launch planningrecall
2021-01-28 18:56:56 [@ip-172-31-1-22]
Internal #1: Launch queuednotification
2021-01-28 19:02:21 [@ip-172-31-1-22]
Internal #1: Launch queuednotificationclean
2021-01-28 19:02:21 [2@ip-172-31-1-22]
Internal #1: Launch temp
2021-01-28 19:07:27 [@ip-172-31-1-22]
Internal #1: Launch mailgateerror
2021-01-28 19:07:27 [2@ip-172-31-1-22]
Internal #1: Launch contract
2021-01-28 19:12:34 [@ip-172-31-1-22]
Internal #1: Launch infocom
2021-01-28 19:12:34 [2@ip-172-31-1-22]
Internal #1: Launch mailgate
2021-01-28 19:15:07 [@ip-172-31-1-22]
Internal #1: Launch session
2021-01-28 19:20:17 [@ip-172-31-1-22]
Internal #1: Launch graph
2021-01-28 19:20:17 [7@ip-172-31-1-22]
Internal #1: Launch reservation
2021-01-28 19:26:05 [@ip-172-31-1-22]
Internal #1: Launch closeticket
2021-01-28 19:26:05 [7@ip-172-31-1-22]
Internal #1: Launch alertnotclosed
2021-01-28 19:26:35 [@ip-172-31-1-22]
Internal #1: Launch slaticket
2021-01-28 19:32:11 [@ip-172-31-1-22]
Internal #1: Launch olaticket
2021-01-28 19:32:12 [@ip-172-31-1-22]
Internal #1: Launch queuednotification
2021-01-28 19:32:18 [8@ip-172-31-1-22]
Internal #1: Launch planningrecall
2021-01-28 19:33:04 [@ip-172-31-1-22]
Internal #1: Launch mailgate
2021-01-28 19:33:24 [@ip-172-31-1-22]
Internal #1: Launch slaticket
2021-01-28 19:33:33 [@ip-172-31-1-22]
Internal #1: Launch queuednotification
2021-01-28 19:33:54 [@ip-172-31-1-22]
Internal #1: Nothing to Launch
2021-01-28 19:37:52 [@ip-172-31-1-22]
Internal #1: Launch queuednotification
2021-01-28 19:37:53 [@ip-172-31-1-22]
Internal #1: Launch planningrecall
2021-01-28 19:38:28 [@ip-172-31-1-22]
Internal #1: Launch olaticket
2021-01-28 19:38:32 [@ip-172-31-1-22]
Internal #1: Launch slaticket
2021-01-28 19:47:22 [@ip-172-31-1-22]
Internal #1: Launch queuednotification
2021-01-28 19:47:22 [7@ip-172-31-1-22]
Internal #1: Launch planningrecall
2021-01-28 19:48:00 [8@ip-172-31-1-22]
Internal #1: Launch mailgate
2021-01-28 19:48:04 [@ip-172-31-1-22]
Internal #1: Launch slaticket
2021-01-28 19:52:35 [@ip-172-31-1-22]
Internal #1: Launch olaticket
2021-01-28 19:52:36 [7@ip-172-31-1-22]
Internal #1: Launch queuednotification
2021-01-28 19:56:13 [@ip-172-31-1-22]
Internal #1: Launch planningrecall
2021-01-28 19:57:48 [@ip-172-31-1-22]
Internal #1: Launch slaticket
2021-01-28 19:57:49 [7@ip-172-31-1-22]
Internal #1: Launch queuednotification
2021-01-28 19:59:22 [10@ip-172-31-1-22]
Internal #1: Launch ticketrecurrent
2021-01-28 20:55:47 [@ip-172-31-1-22]
Internal #1: Launch olaticket
2021-01-28 20:55:48 [6@ip-172-31-1-22]
Internal #1: Launch mailgate
2021-01-28 20:55:58 [@ip-172-31-1-22]
Internal #1: Launch queuednotification
2021-01-28 21:07:00 [@ip-172-31-1-22]
Internal #1: Launch planningrecall
2021-01-28 21:07:04 [10@ip-172-31-1-22]
Internal #1: Launch slaticket
2021-01-28 22:34:56 [@ip-172-31-1-22]
Internal #1: Launch temp
2021-01-31 03:19:28 [@ip-172-31-1-22]
Internal #1: Launch graph
2021-01-31 03:19:29 [@ip-172-31-1-22]
Internal #1: Launch reservation
2021-02-01 19:43:42 [@ip-172-31-1-22]
Internal #1: Launch queuednotification
2021-02-01 19:43:44 [7@ip-172-31-1-22]
Internal #1: Launch ticketrecurrent
2021-02-02 00:42:32 [@ip-172-31-1-22]
Internal #1: Launch olaticket
2021-02-02 00:42:33 [7@ip-172-31-1-22]
Internal #1: Launch mailgate
2021-02-05 22:00:09 [@ip-172-31-1-22]
Internal #1: Launch slaticket
